<?xml version="1.0" encoding="UTF-8"?>
<!-- Generated by org.testng.reporters.JUnitReportReporter -->
<testsuite hostname="VarunKumar" failures="0" tests="2" name="RestDemo.PassProductValues" time="1.579" errors="0" timestamp="2024-11-11T21:04:41 IST" skipped="0">
  <testcase classname="RestDemo.PassProductValues" name="TestRunner" time="0.047"/>
  <system-out/>
  <testcase classname="RestDemo.PassProductValues" name="InvalidOutput" time="1.532"/>
  <system-out/>
</testsuite> <!-- RestDemo.PassProductValues -->
